Mplus VERSION 8.9 (Mac)
MUTHEN & MUTHEN
12/07/2023   3:39 PM

INPUT INSTRUCTIONS

  DATA:
  FILE = "duke_cfa_harmonize.dat";

  VARIABLE:
  NAMES = id q1 q2 q3 q4 q5 q6 q7 q8 q9 q10 q11 q13 q14 q15 q16 q17 q18 q19 q20;
   MISSING=.;
   CATEGORICAL ARE all; idvariable = id;
  ANALYSIS:
  estimator = MLR;
  MODEL:
  F by Q1 * ;
   F by Q2 * ;
   F by Q3 * ;
   F by Q4 * ;
   F by Q5 * ;
   F by Q6 * ;
   F by Q7 * ;
   F by Q8 * ;
   F by Q9 * ;
   F by Q10 * ;
   F by Q11 * ;
   F by Q13 * ;
   F by Q14 * ;
   F by Q15 * ;
   F by Q16 * ;
   F by Q17 * ;
   F by Q18 * ;
   F by Q19 * ;
   F by Q20 * ;
  F by Q1 @ 2.526;
   F by Q2 @ 1.704;
   F by Q3 @ 2.54;
   F by Q4 @ 2.143;
   F by Q5 @ 1.555;
   F by Q6 @ 2.587;
   F by Q7 @ 1.969;
   F by Q9 @ 1.043;
   [ Q1$1 @ 5.201 ];
   [ Q2$1 @ 3.047 ];
   [ Q3$1 @ 4.805 ];
   [ Q4$1 @ 3.017 ];
   [ Q5$1 @ 0.31 ];
   [ Q6$1 @ 4.499 ];
   [ Q7$1 @ 1.573 ];
   [ Q9$1 @ 2.713 ];
   [F @ 0];
   F @ 1;
  OUTPUT:
  standardized



*** WARNING
  Data set contains cases with missing on all variables.
  These cases were not included in the analysis.
  Number of cases with missing on all variables:  1
   1 WARNING(S) FOUND IN THE INPUT INSTRUCTIONS




SUMMARY OF ANALYSIS

Number of groups                                                 1
Number of observations                                         570

Number of dependent variables                                   19
Number of independent variables                                  0
Number of continuous latent variables                            1

Observed dependent variables

  Binary and ordered categorical (ordinal)
   Q1          Q2          Q3          Q4          Q5          Q6
   Q7          Q8          Q9          Q10         Q11         Q13
   Q14         Q15         Q16         Q17         Q18         Q19
   Q20

Continuous latent variables
   F

Variables with special functions

  ID variable           ID

Estimator                                                      MLR
Information matrix                                        OBSERVED
Optimization Specifications for the Quasi-Newton Algorithm for
Continuous Outcomes
  Maximum number of iterations                                 100
  Convergence criterion                                  0.100D-05
Optimization Specifications for the EM Algorithm
  Maximum number of iterations                                 500
  Convergence criteria
    Loglikelihood change                                 0.100D-02
    Relative loglikelihood change                        0.100D-05
    Derivative                                           0.100D-02
Optimization Specifications for the M step of the EM Algorithm for
Categorical Latent variables
  Number of M step iterations                                    1
  M step convergence criterion                           0.100D-02
  Basis for M step termination                           ITERATION
Optimization Specifications for the M step of the EM Algorithm for
Censored, Binary or Ordered Categorical (Ordinal), Unordered
Categorical (Nominal) and Count Outcomes
  Number of M step iterations                                    1
  M step convergence criterion                           0.100D-02
  Basis for M step termination                           ITERATION
  Maximum value for logit thresholds                            15
  Minimum value for logit thresholds                           -15
  Minimum expected cell size for chi-square              0.100D-01
Maximum number of iterations for H1                           2000
Convergence criterion for H1                             0.100D-03
Optimization algorithm                                         EMA
Integration Specifications
  Type                                                    STANDARD
  Number of integration points                                  15
  Dimensions of numerical integration                            1
  Adaptive quadrature                                           ON
Link                                                         LOGIT
Cholesky                                                        ON

Input data file(s)
  duke_cfa_harmonize.dat
Input data format  FREE


SUMMARY OF DATA

     Number of missing data patterns             4
     Number of y missing data patterns           0
     Number of u missing data patterns           4


COVARIANCE COVERAGE OF DATA

Minimum covariance coverage value   0.100


     PROPORTION OF DATA PRESENT FOR U


           Covariance Coverage
              Q1            Q2            Q3            Q4            Q5
              ________      ________      ________      ________      ________
 Q1             0.998
 Q2             0.998         1.000
 Q3             0.996         0.998         0.998
 Q4             0.998         1.000         0.998         1.000
 Q5             0.998         1.000         0.998         1.000         1.000
 Q6             0.998         1.000         0.998         1.000         1.000
 Q7             0.998         1.000         0.998         1.000         1.000
 Q8             0.996         0.998         0.998         0.998         0.998
 Q9             0.996         0.998         0.998         0.998         0.998
 Q10            0.996         0.998         0.998         0.998         0.998
 Q11            0.998         1.000         0.998         1.000         1.000
 Q13            0.998         1.000         0.998         1.000         1.000
 Q14            0.998         1.000         0.998         1.000         1.000
 Q15            0.998         1.000         0.998         1.000         1.000
 Q16            0.998         1.000         0.998         1.000         1.000
 Q17            0.998         1.000         0.998         1.000         1.000
 Q18            0.998         1.000         0.998         1.000         1.000
 Q19            0.995         0.996         0.995         0.996         0.996
 Q20            0.998         1.000         0.998         1.000         1.000


           Covariance Coverage
              Q6            Q7            Q8            Q9            Q10
              ________      ________      ________      ________      ________
 Q6             1.000
 Q7             1.000         1.000
 Q8             0.998         0.998         0.998
 Q9             0.998         0.998         0.998         0.998
 Q10            0.998         0.998         0.998         0.998         0.998
 Q11            1.000         1.000         0.998         0.998         0.998
 Q13            1.000         1.000         0.998         0.998         0.998
 Q14            1.000         1.000         0.998         0.998         0.998
 Q15            1.000         1.000         0.998         0.998         0.998
 Q16            1.000         1.000         0.998         0.998         0.998
 Q17            1.000         1.000         0.998         0.998         0.998
 Q18            1.000         1.000         0.998         0.998         0.998
 Q19            0.996         0.996         0.995         0.995         0.995
 Q20            1.000         1.000         0.998         0.998         0.998


           Covariance Coverage
              Q11           Q13           Q14           Q15           Q16
              ________      ________      ________      ________      ________
 Q11            1.000
 Q13            1.000         1.000
 Q14            1.000         1.000         1.000
 Q15            1.000         1.000         1.000         1.000
 Q16            1.000         1.000         1.000         1.000         1.000
 Q17            1.000         1.000         1.000         1.000         1.000
 Q18            1.000         1.000         1.000         1.000         1.000
 Q19            0.996         0.996         0.996         0.996         0.996
 Q20            1.000         1.000         1.000         1.000         1.000


           Covariance Coverage
              Q17           Q18           Q19           Q20
              ________      ________      ________      ________
 Q17            1.000
 Q18            1.000         1.000
 Q19            0.996         0.996         0.996
 Q20            1.000         1.000         0.996         1.000


UNIVARIATE PROPORTIONS AND COUNTS FOR CATEGORICAL VARIABLES

    Q1
      Category 1    0.988          562.000
      Category 2    0.012            7.000
    Q2
      Category 1    0.939          535.000
      Category 2    0.061           35.000
    Q3
      Category 1    0.993          565.000
      Category 2    0.007            4.000
    Q4
      Category 1    0.900          513.000
      Category 2    0.100           57.000
    Q5
      Category 1    0.670          382.000
      Category 2    0.330          188.000
    Q6
      Category 1    0.954          544.000
      Category 2    0.046           26.000
    Q7
      Category 1    0.821          468.000
      Category 2    0.179          102.000
    Q8
      Category 1    0.870          495.000
      Category 2    0.130           74.000
    Q9
      Category 1    0.981          558.000
      Category 2    0.019           11.000
    Q10
      Category 1    0.968          551.000
      Category 2    0.032           18.000
    Q11
      Category 1    0.982          560.000
      Category 2    0.018           10.000
    Q13
      Category 1    0.995          567.000
      Category 2    0.005            3.000
    Q14
      Category 1    0.991          565.000
      Category 2    0.009            5.000
    Q15
      Category 1    0.986          562.000
      Category 2    0.014            8.000
    Q16
      Category 1    0.972          554.000
      Category 2    0.028           16.000
    Q17
      Category 1    0.998          569.000
      Category 2    0.002            1.000
    Q18
      Category 1    0.993          566.000
      Category 2    0.007            4.000
    Q19
      Category 1    0.982          558.000
      Category 2    0.018           10.000
    Q20
      Category 1    0.998          569.000
      Category 2    0.002            1.000



THE MODEL ESTIMATION TERMINATED NORMALLY

     THE CHI-SQUARE TEST CANNOT BE COMPUTED BECAUSE THE FREQUENCY TABLE FOR THE
     CATEGORICAL VARIABLES IS TOO LARGE.




MODEL FIT INFORMATION

Number of Free Parameters                       22

Loglikelihood

          H0 Value                       -1659.098
          H0 Scaling Correction Factor      0.9174
            for MLR

Information Criteria

          Akaike (AIC)                    3362.195
          Bayesian (BIC)                  3457.799
          Sample-Size Adjusted BIC        3387.959
            (n* = (n + 2) / 24)



MODEL RESULTS

                                                    Two-Tailed
                    Estimate       S.E.  Est./S.E.    P-Value

 F        BY
    Q1                 2.526      0.000    999.000    999.000
    Q2                 1.704      0.000    999.000    999.000
    Q3                 2.540      0.000    999.000    999.000
    Q4                 2.143      0.000    999.000    999.000
    Q5                 1.555      0.000    999.000    999.000
    Q6                 2.587      0.000    999.000    999.000
    Q7                 1.969      0.000    999.000    999.000
    Q8                 0.122      0.207      0.592      0.554
    Q9                 1.043      0.000    999.000    999.000
    Q10                0.303      0.293      1.036      0.300
    Q11                3.298      1.315      2.507      0.012
    Q13                6.012      3.731      1.612      0.107
    Q14                3.271      1.079      3.033      0.002
    Q15                5.068      1.954      2.595      0.009
    Q16               10.044      6.864      1.463      0.143
    Q17                1.445      0.141     10.277      0.000
    Q18                3.097      1.042      2.974      0.003
    Q19                3.399      0.845      4.025      0.000
    Q20                1.899      0.523      3.629      0.000

 Means
    F                  0.000      0.000    999.000    999.000

 Thresholds
    Q1$1               5.201      0.000    999.000    999.000
    Q2$1               3.047      0.000    999.000    999.000
    Q3$1               4.805      0.000    999.000    999.000
    Q4$1               3.017      0.000    999.000    999.000
    Q5$1               0.310      0.000    999.000    999.000
    Q6$1               4.499      0.000    999.000    999.000
    Q7$1               1.573      0.000    999.000    999.000
    Q8$1               1.876      0.129     14.525      0.000
    Q9$1               2.713      0.000    999.000    999.000
    Q10$1              3.384      0.240     14.106      0.000
    Q11$1              6.275      1.626      3.860      0.000
    Q13$1             11.833      5.420      2.183      0.029
    Q14$1              7.074      1.367      5.174      0.000
    Q15$1              8.956      2.783      3.218      0.001
    Q16$1             14.485      9.386      1.543      0.123
    Q17$1              6.762      1.000      6.764      0.000
    Q18$1              7.101      1.274      5.572      0.000
    Q19$1              6.391      1.064      6.006      0.000
    Q20$1              7.153      1.411      5.069      0.000

 Variances
    F                  1.000      0.000    999.000    999.000


QUALITY OF NUMERICAL RESULTS

     Condition Number for the Information Matrix              0.830E-07
       (ratio of smallest to largest eigenvalue)


RESULTS IN PROBABILITY SCALE

                    Estimate

 Q1
    Category 1         0.953
    Category 2         0.047
 Q2
    Category 1         0.894
    Category 2         0.106
 Q3
    Category 1         0.939
    Category 2         0.061
 Q4
    Category 1         0.862
    Category 2         0.138
 Q5
    Category 1         0.554
    Category 2         0.446
 Q6
    Category 1         0.924
    Category 2         0.076
 Q7
    Category 1         0.726
    Category 2         0.274
 Q8
    Category 1         0.867
    Category 2         0.133
 Q9
    Category 1         0.909
    Category 2         0.091
 Q10
    Category 1         0.966
    Category 2         0.034
 Q11
    Category 1         0.952
    Category 2         0.048
 Q13
    Category 1         0.970
    Category 2         0.030
 Q14
    Category 1         0.971
    Category 2         0.029
 Q15
    Category 1         0.952
    Category 2         0.048
 Q16
    Category 1         0.922
    Category 2         0.078
 Q17
    Category 1         0.997
    Category 2         0.003
 Q18
    Category 1         0.976
    Category 2         0.024
 Q19
    Category 1         0.952
    Category 2         0.048
 Q20
    Category 1         0.996
    Category 2         0.004


IRT PARAMETERIZATION

                                                    Two-Tailed
                    Estimate       S.E.  Est./S.E.    P-Value

 Item Discriminations

 F        BY
    Q1                 2.526      0.000      0.000      1.000
    Q2                 1.704      0.000      0.000      1.000
    Q3                 2.540      0.000      0.000      1.000
    Q4                 2.143      0.000      0.000      1.000
    Q5                 1.555      0.000      0.000      1.000
    Q6                 2.587      0.000      0.000      1.000
    Q7                 1.969      0.000      0.000      1.000
    Q8                 0.122      0.207      0.592      0.554
    Q9                 1.043      0.000      0.000      1.000
    Q10                0.303      0.293      1.036      0.300
    Q11                3.298      1.315      2.507      0.012
    Q13                6.012      3.731      1.612      0.107
    Q14                3.271      1.079      3.033      0.002
    Q15                5.068      1.954      2.595      0.009
    Q16               10.044      6.864      1.463      0.143
    Q17                1.445      0.141     10.277      0.000
    Q18                3.097      1.042      2.974      0.003
    Q19                3.399      0.845      4.025      0.000
    Q20                1.899      0.523      3.629      0.000

 Means
    F                  0.000      0.000      0.000      1.000

 Item Difficulties
    Q1                 2.059      0.000      0.000      1.000
    Q2                 1.788      0.000      0.000      1.000
    Q3                 1.892      0.000      0.000      1.000
    Q4                 1.408      0.000      0.000      1.000
    Q5                 0.199      0.000      0.000      1.000
    Q6                 1.739      0.000      0.000      1.000
    Q7                 0.799      0.000      0.000      1.000
    Q8                15.341     26.225      0.585      0.559
    Q9                 2.601      0.000      0.000      1.000
    Q10               11.163     10.825      1.031      0.302
    Q11                1.903      0.303      6.279      0.000
    Q13                1.968      0.343      5.739      0.000
    Q14                2.163      0.357      6.061      0.000
    Q15                1.767      0.175     10.115      0.000
    Q16                1.442      0.087     16.497      0.000
    Q17                4.678      0.825      5.668      0.000
    Q18                2.292      0.437      5.251      0.000
    Q19                1.880      0.212      8.865      0.000
    Q20                3.766      0.561      6.713      0.000

 Variances
    F                  1.000      0.000      0.000      1.000


STANDARDIZED MODEL RESULTS


STDYX Standardization

                                                    Two-Tailed
                    Estimate       S.E.  Est./S.E.    P-Value

 F        BY
    Q1                 0.812      0.000    999.000    999.000
    Q2                 0.685      0.000    999.000    999.000
    Q3                 0.814      0.000    999.000    999.000
    Q4                 0.763      0.000    999.000    999.000
    Q5                 0.651      0.000    999.000    999.000
    Q6                 0.819      0.000    999.000    999.000
    Q7                 0.735      0.000    999.000    999.000
    Q8                 0.067      0.113      0.594      0.552
    Q9                 0.498      0.000    999.000    999.000
    Q10                0.165      0.155      1.065      0.287
    Q11                0.876      0.081     10.797      0.000
    Q13                0.957      0.050     19.315      0.000
    Q14                0.875      0.068     12.893      0.000
    Q15                0.942      0.041     22.854      0.000
    Q16                0.984      0.021     46.333      0.000
    Q17                0.623      0.037     16.804      0.000
    Q18                0.863      0.074     11.645      0.000
    Q19                0.882      0.049     18.157      0.000
    Q20                0.723      0.095      7.608      0.000

 Means
    F                  0.000      0.000    999.000    999.000

 Thresholds
    Q1$1               1.672      0.000    999.000    999.000
    Q2$1               1.224      0.000    999.000    999.000
    Q3$1               1.540      0.000    999.000    999.000
    Q4$1               1.075      0.000    999.000    999.000
    Q5$1               0.130      0.000    999.000    999.000
    Q6$1               1.424      0.000    999.000    999.000
    Q7$1               0.588      0.000    999.000    999.000
    Q8$1               1.032      0.073     14.042      0.000
    Q9$1               1.297      0.000    999.000    999.000
    Q10$1              1.840      0.140     13.132      0.000
    Q11$1              1.667      0.136     12.215      0.000
    Q13$1              1.884      0.237      7.935      0.000
    Q14$1              1.892      0.190      9.979      0.000
    Q15$1              1.664      0.114     14.622      0.000
    Q16$1              1.419      0.071     19.863      0.000
    Q17$1              2.916      0.444      6.564      0.000
    Q18$1              1.978      0.232      8.534      0.000
    Q19$1              1.659      0.122     13.611      0.000
    Q20$1              2.724      0.289      9.438      0.000

 Variances
    F                  1.000      0.000    999.000    999.000


STDY Standardization

                                                    Two-Tailed
                    Estimate       S.E.  Est./S.E.    P-Value

 F        BY
    Q1                 0.812      0.000    999.000    999.000
    Q2                 0.685      0.000    999.000    999.000
    Q3                 0.814      0.000    999.000    999.000
    Q4                 0.763      0.000    999.000    999.000
    Q5                 0.651      0.000    999.000    999.000
    Q6                 0.819      0.000    999.000    999.000
    Q7                 0.735      0.000    999.000    999.000
    Q8                 0.067      0.113      0.594      0.552
    Q9                 0.498      0.000    999.000    999.000
    Q10                0.165      0.155      1.065      0.287
    Q11                0.876      0.081     10.797      0.000
    Q13                0.957      0.050     19.315      0.000
    Q14                0.875      0.068     12.893      0.000
    Q15                0.942      0.041     22.854      0.000
    Q16                0.984      0.021     46.333      0.000
    Q17                0.623      0.037     16.804      0.000
    Q18                0.863      0.074     11.645      0.000
    Q19                0.882      0.049     18.157      0.000
    Q20                0.723      0.095      7.608      0.000

 Means
    F                  0.000      0.000    999.000    999.000

 Thresholds
    Q1$1               1.672      0.000    999.000    999.000
    Q2$1               1.224      0.000    999.000    999.000
    Q3$1               1.540      0.000    999.000    999.000
    Q4$1               1.075      0.000    999.000    999.000
    Q5$1               0.130      0.000    999.000    999.000
    Q6$1               1.424      0.000    999.000    999.000
    Q7$1               0.588      0.000    999.000    999.000
    Q8$1               1.032      0.073     14.042      0.000
    Q9$1               1.297      0.000    999.000    999.000
    Q10$1              1.840      0.140     13.132      0.000
    Q11$1              1.667      0.136     12.215      0.000
    Q13$1              1.884      0.237      7.935      0.000
    Q14$1              1.892      0.190      9.979      0.000
    Q15$1              1.664      0.114     14.622      0.000
    Q16$1              1.419      0.071     19.863      0.000
    Q17$1              2.916      0.444      6.564      0.000
    Q18$1              1.978      0.232      8.534      0.000
    Q19$1              1.659      0.122     13.611      0.000
    Q20$1              2.724      0.289      9.438      0.000

 Variances
    F                  1.000      0.000    999.000    999.000


STD Standardization

                                                    Two-Tailed
                    Estimate       S.E.  Est./S.E.    P-Value

 F        BY
    Q1                 2.526      0.000    999.000    999.000
    Q2                 1.704      0.000    999.000    999.000
    Q3                 2.540      0.000    999.000    999.000
    Q4                 2.143      0.000    999.000    999.000
    Q5                 1.555      0.000    999.000    999.000
    Q6                 2.587      0.000    999.000    999.000
    Q7                 1.969      0.000    999.000    999.000
    Q8                 0.122      0.207      0.592      0.554
    Q9                 1.043      0.000    999.000    999.000
    Q10                0.303      0.293      1.036      0.300
    Q11                3.298      1.315      2.507      0.012
    Q13                6.012      3.731      1.612      0.107
    Q14                3.271      1.079      3.033      0.002
    Q15                5.068      1.954      2.595      0.009
    Q16               10.044      6.864      1.463      0.143
    Q17                1.445      0.141     10.277      0.000
    Q18                3.097      1.042      2.974      0.003
    Q19                3.399      0.845      4.025      0.000
    Q20                1.899      0.523      3.629      0.000

 Means
    F                  0.000      0.000    999.000    999.000

 Thresholds
    Q1$1               5.201      0.000    999.000    999.000
    Q2$1               3.047      0.000    999.000    999.000
    Q3$1               4.805      0.000    999.000    999.000
    Q4$1               3.017      0.000    999.000    999.000
    Q5$1               0.310      0.000    999.000    999.000
    Q6$1               4.499      0.000    999.000    999.000
    Q7$1               1.573      0.000    999.000    999.000
    Q8$1               1.876      0.129     14.525      0.000
    Q9$1               2.713      0.000    999.000    999.000
    Q10$1              3.384      0.240     14.106      0.000
    Q11$1              6.275      1.626      3.860      0.000
    Q13$1             11.833      5.420      2.183      0.029
    Q14$1              7.074      1.367      5.174      0.000
    Q15$1              8.956      2.783      3.218      0.001
    Q16$1             14.485      9.386      1.543      0.123
    Q17$1              6.762      1.000      6.764      0.000
    Q18$1              7.101      1.274      5.572      0.000
    Q19$1              6.391      1.064      6.006      0.000
    Q20$1              7.153      1.411      5.069      0.000

 Variances
    F                  1.000      0.000    999.000    999.000


R-SQUARE

    Observed                                        Two-Tailed
    Variable        Estimate       S.E.  Est./S.E.    P-Value

    Q1                 0.660      0.000    999.000    999.000
    Q2                 0.469      0.000    999.000    999.000
    Q3                 0.662      0.000    999.000    999.000
    Q4                 0.583      0.000    999.000    999.000
    Q5                 0.424      0.000    999.000    999.000
    Q6                 0.670      0.000    999.000    999.000
    Q7                 0.541      0.000    999.000    999.000
    Q8                 0.005      0.015      0.297      0.766
    Q9                 0.248      0.000    999.000    999.000
    Q10                0.027      0.051      0.532      0.594
    Q11                0.768      0.142      5.399      0.000
    Q13                0.917      0.095      9.657      0.000
    Q14                0.765      0.119      6.446      0.000
    Q15                0.886      0.078     11.427      0.000
    Q16                0.968      0.042     23.167      0.000
    Q17                0.388      0.046      8.402      0.000
    Q18                0.745      0.128      5.823      0.000
    Q19                0.778      0.086      9.079      0.000
    Q20                0.523      0.137      3.804      0.000


     Beginning Time:  15:39:09
        Ending Time:  15:39:09
       Elapsed Time:  00:00:00



MUTHEN & MUTHEN
3463 Stoner Ave.
Los Angeles, CA  90066

Tel: (310) 391-9971
Fax: (310) 391-8971
Web: www.StatModel.com
Support: Support@StatModel.com

Copyright (c) 1998-2023 Muthen & Muthen
