Mplus VERSION 8.9 (Mac)
MUTHEN & MUTHEN
05/12/2023   2:09 PM

INPUT INSTRUCTIONS

  DATA:
  FILE = "duke_cfa_calibrate.dat";

  VARIABLE:
  NAMES = id q1 q2 q3 q4 q5 q6 q7 q8 q9 q10 q11 q13 q14 q15 q16 q17 q18 q19 q20;
   MISSING=.;
   CATEGORICAL ARE all; idvariable = id;
  ANALYSIS:
  estimator = MLR;
  MODEL:
   f by  q1*
                       q2
                       q3
                       q4
                       q5
                       q6
                       q7
                       q8
                       q9
                       q10
                       q11
                       q13
                       q14
                       q15
                       q16
                       q17
                       q18
                       q19
                       q20;
                 f @1;
  OUTPUT:
  standardized



*** WARNING
  Data set contains cases with missing on all variables.
  These cases were not included in the analysis.
  Number of cases with missing on all variables:  1
   1 WARNING(S) FOUND IN THE INPUT INSTRUCTIONS




SUMMARY OF ANALYSIS

Number of groups                                                 1
Number of observations                                         570

Number of dependent variables                                   19
Number of independent variables                                  0
Number of continuous latent variables                            1

Observed dependent variables

  Binary and ordered categorical (ordinal)
   Q1          Q2          Q3          Q4          Q5          Q6
   Q7          Q8          Q9          Q10         Q11         Q13
   Q14         Q15         Q16         Q17         Q18         Q19
   Q20

Continuous latent variables
   F

Variables with special functions

  ID variable           ID

Estimator                                                      MLR
Information matrix                                        OBSERVED
Optimization Specifications for the Quasi-Newton Algorithm for
Continuous Outcomes
  Maximum number of iterations                                 100
  Convergence criterion                                  0.100D-05
Optimization Specifications for the EM Algorithm
  Maximum number of iterations                                 500
  Convergence criteria
    Loglikelihood change                                 0.100D-02
    Relative loglikelihood change                        0.100D-05
    Derivative                                           0.100D-02
Optimization Specifications for the M step of the EM Algorithm for
Categorical Latent variables
  Number of M step iterations                                    1
  M step convergence criterion                           0.100D-02
  Basis for M step termination                           ITERATION
Optimization Specifications for the M step of the EM Algorithm for
Censored, Binary or Ordered Categorical (Ordinal), Unordered
Categorical (Nominal) and Count Outcomes
  Number of M step iterations                                    1
  M step convergence criterion                           0.100D-02
  Basis for M step termination                           ITERATION
  Maximum value for logit thresholds                            15
  Minimum value for logit thresholds                           -15
  Minimum expected cell size for chi-square              0.100D-01
Maximum number of iterations for H1                           2000
Convergence criterion for H1                             0.100D-03
Optimization algorithm                                         EMA
Integration Specifications
  Type                                                    STANDARD
  Number of integration points                                  15
  Dimensions of numerical integration                            1
  Adaptive quadrature                                           ON
Link                                                         LOGIT
Cholesky                                                        ON

Input data file(s)
  duke_cfa_calibrate.dat
Input data format  FREE


SUMMARY OF DATA

     Number of missing data patterns             4
     Number of y missing data patterns           0
     Number of u missing data patterns           4


COVARIANCE COVERAGE OF DATA

Minimum covariance coverage value   0.100


     PROPORTION OF DATA PRESENT FOR U


           Covariance Coverage
              Q1            Q2            Q3            Q4            Q5
              ________      ________      ________      ________      ________
 Q1             0.998
 Q2             0.998         1.000
 Q3             0.996         0.998         0.998
 Q4             0.998         1.000         0.998         1.000
 Q5             0.998         1.000         0.998         1.000         1.000
 Q6             0.998         1.000         0.998         1.000         1.000
 Q7             0.998         1.000         0.998         1.000         1.000
 Q8             0.996         0.998         0.998         0.998         0.998
 Q9             0.996         0.998         0.998         0.998         0.998
 Q10            0.996         0.998         0.998         0.998         0.998
 Q11            0.998         1.000         0.998         1.000         1.000
 Q13            0.998         1.000         0.998         1.000         1.000
 Q14            0.998         1.000         0.998         1.000         1.000
 Q15            0.998         1.000         0.998         1.000         1.000
 Q16            0.998         1.000         0.998         1.000         1.000
 Q17            0.998         1.000         0.998         1.000         1.000
 Q18            0.998         1.000         0.998         1.000         1.000
 Q19            0.995         0.996         0.995         0.996         0.996
 Q20            0.998         1.000         0.998         1.000         1.000


           Covariance Coverage
              Q6            Q7            Q8            Q9            Q10
              ________      ________      ________      ________      ________
 Q6             1.000
 Q7             1.000         1.000
 Q8             0.998         0.998         0.998
 Q9             0.998         0.998         0.998         0.998
 Q10            0.998         0.998         0.998         0.998         0.998
 Q11            1.000         1.000         0.998         0.998         0.998
 Q13            1.000         1.000         0.998         0.998         0.998
 Q14            1.000         1.000         0.998         0.998         0.998
 Q15            1.000         1.000         0.998         0.998         0.998
 Q16            1.000         1.000         0.998         0.998         0.998
 Q17            1.000         1.000         0.998         0.998         0.998
 Q18            1.000         1.000         0.998         0.998         0.998
 Q19            0.996         0.996         0.995         0.995         0.995
 Q20            1.000         1.000         0.998         0.998         0.998


           Covariance Coverage
              Q11           Q13           Q14           Q15           Q16
              ________      ________      ________      ________      ________
 Q11            1.000
 Q13            1.000         1.000
 Q14            1.000         1.000         1.000
 Q15            1.000         1.000         1.000         1.000
 Q16            1.000         1.000         1.000         1.000         1.000
 Q17            1.000         1.000         1.000         1.000         1.000
 Q18            1.000         1.000         1.000         1.000         1.000
 Q19            0.996         0.996         0.996         0.996         0.996
 Q20            1.000         1.000         1.000         1.000         1.000


           Covariance Coverage
              Q17           Q18           Q19           Q20
              ________      ________      ________      ________
 Q17            1.000
 Q18            1.000         1.000
 Q19            0.996         0.996         0.996
 Q20            1.000         1.000         0.996         1.000


UNIVARIATE PROPORTIONS AND COUNTS FOR CATEGORICAL VARIABLES

    Q1
      Category 1    0.988          562.000
      Category 2    0.012            7.000
    Q2
      Category 1    0.939          535.000
      Category 2    0.061           35.000
    Q3
      Category 1    0.993          565.000
      Category 2    0.007            4.000
    Q4
      Category 1    0.900          513.000
      Category 2    0.100           57.000
    Q5
      Category 1    0.670          382.000
      Category 2    0.330          188.000
    Q6
      Category 1    0.954          544.000
      Category 2    0.046           26.000
    Q7
      Category 1    0.821          468.000
      Category 2    0.179          102.000
    Q8
      Category 1    0.870          495.000
      Category 2    0.130           74.000
    Q9
      Category 1    0.981          558.000
      Category 2    0.019           11.000
    Q10
      Category 1    0.968          551.000
      Category 2    0.032           18.000
    Q11
      Category 1    0.982          560.000
      Category 2    0.018           10.000
    Q13
      Category 1    0.995          567.000
      Category 2    0.005            3.000
    Q14
      Category 1    0.991          565.000
      Category 2    0.009            5.000
    Q15
      Category 1    0.986          562.000
      Category 2    0.014            8.000
    Q16
      Category 1    0.972          554.000
      Category 2    0.028           16.000
    Q17
      Category 1    0.998          569.000
      Category 2    0.002            1.000
    Q18
      Category 1    0.993          566.000
      Category 2    0.007            4.000
    Q19
      Category 1    0.982          558.000
      Category 2    0.018           10.000
    Q20
      Category 1    0.998          569.000
      Category 2    0.002            1.000


     THE STANDARD ERRORS OF THE MODEL PARAMETER ESTIMATES MAY NOT BE
     TRUSTWORTHY FOR SOME PARAMETERS DUE TO A NON-POSITIVE DEFINITE
     FIRST-ORDER DERIVATIVE PRODUCT MATRIX.  THIS MAY BE DUE TO THE STARTING
     VALUES BUT MAY ALSO BE AN INDICATION OF MODEL NONIDENTIFICATION.  THE
     CONDITION NUMBER IS       0.276D-10.  PROBLEM INVOLVING THE FOLLOWING PARAMETER:
     Parameter 38, [ Q20$1 ]


THE MODEL ESTIMATION TERMINATED NORMALLY

     THE CHI-SQUARE TEST CANNOT BE COMPUTED BECAUSE THE FREQUENCY TABLE FOR THE
     CATEGORICAL VARIABLES IS TOO LARGE.




MODEL FIT INFORMATION

Number of Free Parameters                       38

Loglikelihood

          H0 Value                       -1594.842
          H0 Scaling Correction Factor      0.9590
            for MLR

Information Criteria

          Akaike (AIC)                    3265.684
          Bayesian (BIC)                  3430.818
          Sample-Size Adjusted BIC        3310.185
            (n* = (n + 2) / 24)



MODEL RESULTS

                                                    Two-Tailed
                    Estimate       S.E.  Est./S.E.    P-Value

 F        BY
    Q1                 1.059      0.442      2.398      0.016
    Q2                 1.178      0.279      4.219      0.000
    Q3                 1.218      0.953      1.278      0.201
    Q4                 1.012      0.221      4.579      0.000
    Q5                 1.475      0.258      5.726      0.000
    Q6                 2.295      0.450      5.096      0.000
    Q7                 1.814      0.309      5.875      0.000
    Q8                 0.128      0.191      0.670      0.503
    Q9                 0.852      0.433      1.967      0.049
    Q10                0.237      0.282      0.840      0.401
    Q11                2.504      0.898      2.789      0.005
    Q13                4.801      3.660      1.312      0.190
    Q14                2.574      0.816      3.155      0.002
    Q15                3.602      1.336      2.697      0.007
    Q16                7.953      5.398      1.473      0.141
    Q17                1.267      0.138      9.157      0.000
    Q18                2.265      0.695      3.258      0.001
    Q19                2.714      0.612      4.431      0.000
    Q20                1.335      0.420      3.176      0.001

 Thresholds
    Q1$1               4.918      0.561      8.771      0.000
    Q2$1               3.289      0.310     10.607      0.000
    Q3$1               5.650      1.164      4.856      0.000
    Q4$1               2.575      0.215     12.006      0.000
    Q5$1               0.991      0.147      6.754      0.000
    Q6$1               4.953      0.640      7.737      0.000
    Q7$1               2.314      0.270      8.583      0.000
    Q8$1               1.906      0.126     15.122      0.000
    Q9$1               4.263      0.448      9.522      0.000
    Q10$1              3.447      0.249     13.834      0.000
    Q11$1              6.553      1.522      4.304      0.000
    Q13$1             12.875      7.830      1.644      0.100
    Q14$1              7.515      1.462      5.139      0.000
    Q15$1              8.874      2.547      3.485      0.000
    Q16$1             15.864     10.239      1.549      0.121
    Q17$1              7.125      1.004      7.099      0.000
    Q18$1              7.210      1.146      6.292      0.000
    Q19$1              6.904      1.102      6.263      0.000
    Q20$1              7.209      1.400      5.151      0.000

 Variances
    F                  1.000      0.000    999.000    999.000


QUALITY OF NUMERICAL RESULTS

     Condition Number for the Information Matrix              0.276E-10
       (ratio of smallest to largest eigenvalue)


RESULTS IN PROBABILITY SCALE

                    Estimate

 Q1
    Category 1         0.988
    Category 2         0.012
 Q2
    Category 1         0.939
    Category 2         0.061
 Q3
    Category 1         0.993
    Category 2         0.007
 Q4
    Category 1         0.900
    Category 2         0.100
 Q5
    Category 1         0.671
    Category 2         0.329
 Q6
    Category 1         0.955
    Category 2         0.045
 Q7
    Category 1         0.822
    Category 2         0.178
 Q8
    Category 1         0.870
    Category 2         0.130
 Q9
    Category 1         0.981
    Category 2         0.019
 Q10
    Category 1         0.968
    Category 2         0.032
 Q11
    Category 1         0.982
    Category 2         0.018
 Q13
    Category 1         0.994
    Category 2         0.006
 Q14
    Category 1         0.991
    Category 2         0.009
 Q15
    Category 1         0.986
    Category 2         0.014
 Q16
    Category 1         0.974
    Category 2         0.026
 Q17
    Category 1         0.998
    Category 2         0.002
 Q18
    Category 1         0.993
    Category 2         0.007
 Q19
    Category 1         0.982
    Category 2         0.018
 Q20
    Category 1         0.998
    Category 2         0.002


IRT PARAMETERIZATION

                                                    Two-Tailed
                    Estimate       S.E.  Est./S.E.    P-Value

 Item Discriminations

 F        BY
    Q1                 1.059      0.442      2.398      0.016
    Q2                 1.178      0.279      4.219      0.000
    Q3                 1.218      0.953      1.278      0.201
    Q4                 1.012      0.221      4.579      0.000
    Q5                 1.475      0.258      5.726      0.000
    Q6                 2.295      0.450      5.096      0.000
    Q7                 1.814      0.309      5.875      0.000
    Q8                 0.128      0.191      0.670      0.503
    Q9                 0.852      0.433      1.967      0.049
    Q10                0.237      0.282      0.840      0.401
    Q11                2.504      0.898      2.789      0.005
    Q13                4.801      3.660      1.312      0.190
    Q14                2.574      0.816      3.155      0.002
    Q15                3.602      1.336      2.697      0.007
    Q16                7.953      5.398      1.473      0.141
    Q17                1.267      0.138      9.157      0.000
    Q18                2.265      0.695      3.258      0.001
    Q19                2.714      0.612      4.431      0.000
    Q20                1.335      0.420      3.176      0.001

 Item Difficulties
    Q1                 4.642      1.597      2.907      0.004
    Q2                 2.793      0.484      5.776      0.000
    Q3                 4.641      2.802      1.656      0.098
    Q4                 2.544      0.436      5.842      0.000
    Q5                 0.672      0.105      6.425      0.000
    Q6                 2.158      0.208     10.399      0.000
    Q7                 1.275      0.130      9.836      0.000
    Q8                14.882     22.084      0.674      0.500
    Q9                 5.004      2.194      2.280      0.023
    Q10               14.567     17.088      0.852      0.394
    Q11                2.616      0.386      6.783      0.000
    Q13                2.682      0.451      5.951      0.000
    Q14                2.920      0.442      6.609      0.000
    Q15                2.464      0.266      9.268      0.000
    Q16                1.995      0.128     15.536      0.000
    Q17                5.624      0.971      5.791      0.000
    Q18                3.184      0.582      5.474      0.000
    Q19                2.544      0.251     10.156      0.000
    Q20                5.400      1.016      5.317      0.000

 Variances
    F                  1.000      0.000      0.000      1.000


STANDARDIZED MODEL RESULTS


STDYX Standardization

                                                    Two-Tailed
                    Estimate       S.E.  Est./S.E.    P-Value

 F        BY
    Q1                 0.504      0.157      3.216      0.001
    Q2                 0.545      0.091      5.997      0.000
    Q3                 0.557      0.301      1.854      0.064
    Q4                 0.487      0.081      6.004      0.000
    Q5                 0.631      0.066      9.511      0.000
    Q6                 0.785      0.059     13.253      0.000
    Q7                 0.707      0.060     11.754      0.000
    Q8                 0.070      0.105      0.674      0.500
    Q9                 0.425      0.177      2.401      0.016
    Q10                0.129      0.151      0.854      0.393
    Q11                0.810      0.100      8.106      0.000
    Q13                0.935      0.089     10.502      0.000
    Q14                0.817      0.086      9.510      0.000
    Q15                0.893      0.067     13.332      0.000
    Q16                0.975      0.033     29.797      0.000
    Q17                0.573      0.042     13.624      0.000
    Q18                0.781      0.094      8.336      0.000
    Q19                0.831      0.058     14.349      0.000
    Q20                0.593      0.121      4.895      0.000

 Thresholds
    Q1$1               2.341      0.193     12.113      0.000
    Q2$1               1.521      0.089     17.099      0.000
    Q3$1               2.586      0.276      9.382      0.000
    Q4$1               1.240      0.075     16.641      0.000
    Q5$1               0.424      0.053      8.025      0.000
    Q6$1               1.693      0.093     18.249      0.000
    Q7$1               0.902      0.062     14.568      0.000
    Q8$1               1.048      0.069     15.261      0.000
    Q9$1               2.127      0.158     13.462      0.000
    Q10$1              1.884      0.131     14.369      0.000
    Q11$1              2.119      0.131     16.193      0.000
    Q13$1              2.509      0.216     11.630      0.000
    Q14$1              2.387      0.178     13.378      0.000
    Q15$1              2.200      0.135     16.315      0.000
    Q16$1              1.945      0.104     18.634      0.000
    Q17$1              3.221      0.461      6.987      0.000
    Q18$1              2.485      0.219     11.345      0.000
    Q19$1              2.115      0.129     16.440      0.000
    Q20$1              3.201      0.382      8.370      0.000

 Variances
    F                  1.000      0.000    999.000    999.000


STDY Standardization

                                                    Two-Tailed
                    Estimate       S.E.  Est./S.E.    P-Value

 F        BY
    Q1                 0.504      0.157      3.216      0.001
    Q2                 0.545      0.091      5.997      0.000
    Q3                 0.557      0.301      1.854      0.064
    Q4                 0.487      0.081      6.004      0.000
    Q5                 0.631      0.066      9.511      0.000
    Q6                 0.785      0.059     13.253      0.000
    Q7                 0.707      0.060     11.754      0.000
    Q8                 0.070      0.105      0.674      0.500
    Q9                 0.425      0.177      2.401      0.016
    Q10                0.129      0.151      0.854      0.393
    Q11                0.810      0.100      8.106      0.000
    Q13                0.935      0.089     10.502      0.000
    Q14                0.817      0.086      9.510      0.000
    Q15                0.893      0.067     13.332      0.000
    Q16                0.975      0.033     29.797      0.000
    Q17                0.573      0.042     13.624      0.000
    Q18                0.781      0.094      8.336      0.000
    Q19                0.831      0.058     14.349      0.000
    Q20                0.593      0.121      4.895      0.000

 Thresholds
    Q1$1               2.341      0.193     12.113      0.000
    Q2$1               1.521      0.089     17.099      0.000
    Q3$1               2.586      0.276      9.382      0.000
    Q4$1               1.240      0.075     16.641      0.000
    Q5$1               0.424      0.053      8.025      0.000
    Q6$1               1.693      0.093     18.249      0.000
    Q7$1               0.902      0.062     14.568      0.000
    Q8$1               1.048      0.069     15.261      0.000
    Q9$1               2.127      0.158     13.462      0.000
    Q10$1              1.884      0.131     14.369      0.000
    Q11$1              2.119      0.131     16.193      0.000
    Q13$1              2.509      0.216     11.630      0.000
    Q14$1              2.387      0.178     13.378      0.000
    Q15$1              2.200      0.135     16.315      0.000
    Q16$1              1.945      0.104     18.634      0.000
    Q17$1              3.221      0.461      6.987      0.000
    Q18$1              2.485      0.219     11.345      0.000
    Q19$1              2.115      0.129     16.440      0.000
    Q20$1              3.201      0.382      8.370      0.000

 Variances
    F                  1.000      0.000    999.000    999.000


STD Standardization

                                                    Two-Tailed
                    Estimate       S.E.  Est./S.E.    P-Value

 F        BY
    Q1                 1.059      0.442      2.398      0.016
    Q2                 1.178      0.279      4.219      0.000
    Q3                 1.218      0.953      1.278      0.201
    Q4                 1.012      0.221      4.579      0.000
    Q5                 1.475      0.258      5.726      0.000
    Q6                 2.295      0.450      5.096      0.000
    Q7                 1.814      0.309      5.875      0.000
    Q8                 0.128      0.191      0.670      0.503
    Q9                 0.852      0.433      1.967      0.049
    Q10                0.237      0.282      0.840      0.401
    Q11                2.504      0.898      2.789      0.005
    Q13                4.801      3.660      1.312      0.190
    Q14                2.574      0.816      3.155      0.002
    Q15                3.602      1.336      2.697      0.007
    Q16                7.953      5.398      1.473      0.141
    Q17                1.267      0.138      9.157      0.000
    Q18                2.265      0.695      3.258      0.001
    Q19                2.714      0.612      4.431      0.000
    Q20                1.335      0.420      3.176      0.001

 Thresholds
    Q1$1               4.918      0.561      8.771      0.000
    Q2$1               3.289      0.310     10.607      0.000
    Q3$1               5.650      1.164      4.856      0.000
    Q4$1               2.575      0.215     12.006      0.000
    Q5$1               0.991      0.147      6.754      0.000
    Q6$1               4.953      0.640      7.737      0.000
    Q7$1               2.314      0.270      8.583      0.000
    Q8$1               1.906      0.126     15.122      0.000
    Q9$1               4.263      0.448      9.522      0.000
    Q10$1              3.447      0.249     13.834      0.000
    Q11$1              6.553      1.522      4.304      0.000
    Q13$1             12.875      7.830      1.644      0.100
    Q14$1              7.515      1.462      5.139      0.000
    Q15$1              8.874      2.547      3.485      0.000
    Q16$1             15.864     10.239      1.549      0.121
    Q17$1              7.125      1.004      7.099      0.000
    Q18$1              7.210      1.146      6.292      0.000
    Q19$1              6.904      1.102      6.263      0.000
    Q20$1              7.209      1.400      5.151      0.000

 Variances
    F                  1.000      0.000    999.000    999.000


R-SQUARE

    Observed                                        Two-Tailed
    Variable        Estimate       S.E.  Est./S.E.    P-Value

    Q1                 0.254      0.158      1.608      0.108
    Q2                 0.297      0.099      2.998      0.003
    Q3                 0.311      0.335      0.927      0.354
    Q4                 0.237      0.079      3.002      0.003
    Q5                 0.398      0.084      4.755      0.000
    Q6                 0.616      0.093      6.627      0.000
    Q7                 0.500      0.085      5.877      0.000
    Q8                 0.005      0.015      0.337      0.736
    Q9                 0.181      0.151      1.200      0.230
    Q10                0.017      0.039      0.427      0.669
    Q11                0.656      0.162      4.053      0.000
    Q13                0.875      0.167      5.251      0.000
    Q14                0.668      0.141      4.755      0.000
    Q15                0.798      0.120      6.666      0.000
    Q16                0.951      0.064     14.898      0.000
    Q17                0.328      0.048      6.812      0.000
    Q18                0.609      0.146      4.168      0.000
    Q19                0.691      0.096      7.175      0.000
    Q20                0.351      0.144      2.448      0.014


TECHNICAL 1 OUTPUT


     PARAMETER SPECIFICATION


           TAU
              Q1$1          Q2$1          Q3$1          Q4$1          Q5$1
              ________      ________      ________      ________      ________
                   20            21            22            23            24


           TAU
              Q6$1          Q7$1          Q8$1          Q9$1          Q10$1
              ________      ________      ________      ________      ________
                   25            26            27            28            29


           TAU
              Q11$1         Q13$1         Q14$1         Q15$1         Q16$1
              ________      ________      ________      ________      ________
                   30            31            32            33            34


           TAU
              Q17$1         Q18$1         Q19$1         Q20$1
              ________      ________      ________      ________
                   35            36            37            38


           NU
              Q1            Q2            Q3            Q4            Q5
              ________      ________      ________      ________      ________
                    0             0             0             0             0


           NU
              Q6            Q7            Q8            Q9            Q10
              ________      ________      ________      ________      ________
                    0             0             0             0             0


           NU
              Q11           Q13           Q14           Q15           Q16
              ________      ________      ________      ________      ________
                    0             0             0             0             0


           NU
              Q17           Q18           Q19           Q20
              ________      ________      ________      ________
                    0             0             0             0


           LAMBDA
              F
              ________
 Q1                 1
 Q2                 2
 Q3                 3
 Q4                 4
 Q5                 5
 Q6                 6
 Q7                 7
 Q8                 8
 Q9                 9
 Q10               10
 Q11               11
 Q13               12
 Q14               13
 Q15               14
 Q16               15
 Q17               16
 Q18               17
 Q19               18
 Q20               19


           THETA
              Q1            Q2            Q3            Q4            Q5
              ________      ________      ________      ________      ________
 Q1                 0
 Q2                 0             0
 Q3                 0             0             0
 Q4                 0             0             0             0
 Q5                 0             0             0             0             0
 Q6                 0             0             0             0             0
 Q7                 0             0             0             0             0
 Q8                 0             0             0             0             0
 Q9                 0             0             0             0             0
 Q10                0             0             0             0             0
 Q11                0             0             0             0             0
 Q13                0             0             0             0             0
 Q14                0             0             0             0             0
 Q15                0             0             0             0             0
 Q16                0             0             0             0             0
 Q17                0             0             0             0             0
 Q18                0             0             0             0             0
 Q19                0             0             0             0             0
 Q20                0             0             0             0             0


           THETA
              Q6            Q7            Q8            Q9            Q10
              ________      ________      ________      ________      ________
 Q6                 0
 Q7                 0             0
 Q8                 0             0             0
 Q9                 0             0             0             0
 Q10                0             0             0             0             0
 Q11                0             0             0             0             0
 Q13                0             0             0             0             0
 Q14                0             0             0             0             0
 Q15                0             0             0             0             0
 Q16                0             0             0             0             0
 Q17                0             0             0             0             0
 Q18                0             0             0             0             0
 Q19                0             0             0             0             0
 Q20                0             0             0             0             0


           THETA
              Q11           Q13           Q14           Q15           Q16
              ________      ________      ________      ________      ________
 Q11                0
 Q13                0             0
 Q14                0             0             0
 Q15                0             0             0             0
 Q16                0             0             0             0             0
 Q17                0             0             0             0             0
 Q18                0             0             0             0             0
 Q19                0             0             0             0             0
 Q20                0             0             0             0             0


           THETA
              Q17           Q18           Q19           Q20
              ________      ________      ________      ________
 Q17                0
 Q18                0             0
 Q19                0             0             0
 Q20                0             0             0             0


           ALPHA
              F
              ________
                    0


           BETA
              F
              ________
 F                  0


           PSI
              F
              ________
 F                  0


     STARTING VALUES


           TAU
              Q1$1          Q2$1          Q3$1          Q4$1          Q5$1
              ________      ________      ________      ________      ________
                4.386         2.727         4.951         2.197         0.709


           TAU
              Q6$1          Q7$1          Q8$1          Q9$1          Q10$1
              ________      ________      ________      ________      ________
                3.041         1.523         1.900         3.926         3.421


           TAU
              Q11$1         Q13$1         Q14$1         Q15$1         Q16$1
              ________      ________      ________      ________      ________
                4.025         5.242         4.727         4.252         3.545


           TAU
              Q17$1         Q18$1         Q19$1         Q20$1
              ________      ________      ________      ________
                6.344         4.952         4.022         6.344


           NU
              Q1            Q2            Q3            Q4            Q5
              ________      ________      ________      ________      ________
                0.000         0.000         0.000         0.000         0.000


           NU
              Q6            Q7            Q8            Q9            Q10
              ________      ________      ________      ________      ________
                0.000         0.000         0.000         0.000         0.000


           NU
              Q11           Q13           Q14           Q15           Q16
              ________      ________      ________      ________      ________
                0.000         0.000         0.000         0.000         0.000


           NU
              Q17           Q18           Q19           Q20
              ________      ________      ________      ________
                0.000         0.000         0.000         0.000


           LAMBDA
              F
              ________
 Q1             1.000
 Q2             1.000
 Q3             1.000
 Q4             1.000
 Q5             1.000
 Q6             1.000
 Q7             1.000
 Q8             1.000
 Q9             1.000
 Q10            1.000
 Q11            1.000
 Q13            1.000
 Q14            1.000
 Q15            1.000
 Q16            1.000
 Q17            1.000
 Q18            1.000
 Q19            1.000
 Q20            1.000


           THETA
              Q1            Q2            Q3            Q4            Q5
              ________      ________      ________      ________      ________
 Q1             1.000
 Q2             0.000         1.000
 Q3             0.000         0.000         1.000
 Q4             0.000         0.000         0.000         1.000
 Q5             0.000         0.000         0.000         0.000         1.000
 Q6             0.000         0.000         0.000         0.000         0.000
 Q7             0.000         0.000         0.000         0.000         0.000
 Q8             0.000         0.000         0.000         0.000         0.000
 Q9             0.000         0.000         0.000         0.000         0.000
 Q10            0.000         0.000         0.000         0.000         0.000
 Q11            0.000         0.000         0.000         0.000         0.000
 Q13            0.000         0.000         0.000         0.000         0.000
 Q14            0.000         0.000         0.000         0.000         0.000
 Q15            0.000         0.000         0.000         0.000         0.000
 Q16            0.000         0.000         0.000         0.000         0.000
 Q17            0.000         0.000         0.000         0.000         0.000
 Q18            0.000         0.000         0.000         0.000         0.000
 Q19            0.000         0.000         0.000         0.000         0.000
 Q20            0.000         0.000         0.000         0.000         0.000


           THETA
              Q6            Q7            Q8            Q9            Q10
              ________      ________      ________      ________      ________
 Q6             1.000
 Q7             0.000         1.000
 Q8             0.000         0.000         1.000
 Q9             0.000         0.000         0.000         1.000
 Q10            0.000         0.000         0.000         0.000         1.000
 Q11            0.000         0.000         0.000         0.000         0.000
 Q13            0.000         0.000         0.000         0.000         0.000
 Q14            0.000         0.000         0.000         0.000         0.000
 Q15            0.000         0.000         0.000         0.000         0.000
 Q16            0.000         0.000         0.000         0.000         0.000
 Q17            0.000         0.000         0.000         0.000         0.000
 Q18            0.000         0.000         0.000         0.000         0.000
 Q19            0.000         0.000         0.000         0.000         0.000
 Q20            0.000         0.000         0.000         0.000         0.000


           THETA
              Q11           Q13           Q14           Q15           Q16
              ________      ________      ________      ________      ________
 Q11            1.000
 Q13            0.000         1.000
 Q14            0.000         0.000         1.000
 Q15            0.000         0.000         0.000         1.000
 Q16            0.000         0.000         0.000         0.000         1.000
 Q17            0.000         0.000         0.000         0.000         0.000
 Q18            0.000         0.000         0.000         0.000         0.000
 Q19            0.000         0.000         0.000         0.000         0.000
 Q20            0.000         0.000         0.000         0.000         0.000


           THETA
              Q17           Q18           Q19           Q20
              ________      ________      ________      ________
 Q17            1.000
 Q18            0.000         1.000
 Q19            0.000         0.000         1.000
 Q20            0.000         0.000         0.000         1.000


           ALPHA
              F
              ________
                0.000


           BETA
              F
              ________
 F              0.000


           PSI
              F
              ________
 F              1.000


     Beginning Time:  14:09:05
        Ending Time:  14:09:05
       Elapsed Time:  00:00:00



MUTHEN & MUTHEN
3463 Stoner Ave.
Los Angeles, CA  90066

Tel: (310) 391-9971
Fax: (310) 391-8971
Web: www.StatModel.com
Support: Support@StatModel.com

Copyright (c) 1998-2023 Muthen & Muthen
